<?xml version="1.0" encoding="UTF-8"?>
<!-- Generated by org.testng.reporters.JUnitReportReporter -->
<testsuite hostname="LAPTOP-4MOTJJBU" failures="0" tests="1" name="testcases.Tc_003" time="9.560" errors="0" timestamp="2023-07-20T16:56:39 IST" skipped="0">
  <testcase classname="testcases.Tc_003" name="runFindLead" time="9.560"/>
  <system-out/>
</testsuite> <!-- testcases.Tc_003 -->
